[2020-09-02 09:07:11][hy][TRACE] Finding Hydrobuild....
[2020-09-02 09:07:11][hy::hydrofile][DEBUG] acceptable names: ["Hydrobuild", "hydrobuild", "Hydrobuild.fb", "hydrobuild.fb"]
[2020-09-02 09:07:11][hy::hydrofile][TRACE] iterating over all files in current directory into Vector
[2020-09-02 09:07:11][hy::hydrofile][DEBUG] files in directory: ["Cargo.toml", "LICENSE", "target", "hydrogen.2020-09-02.log", "Cargo.lock", "README.md", ".gitignore", "Hydrobuild", ".git", ".idea", "src"]
[2020-09-02 09:07:11][hy::hydrofile][TRACE] finding acceptable names in list of files concurrently
[2020-09-02 09:07:11][hy::hydrofile][DEBUG] matches: ["Hydrobuild"]
[2020-09-02 09:07:11][hy][TRACE] Exiting with error code 0
[2020-09-02 09:42:17][hy][TRACE] Finding Hydrobuild....
[2020-09-02 09:42:17][hy::hydrofile][DEBUG] acceptable names: ["Hydrobuild", "hydrobuild", "Hydrobuild.fb", "hydrobuild.fb"]
[2020-09-02 09:42:17][hy::hydrofile][TRACE] iterating over all files in current directory into Vector
[2020-09-02 09:42:17][hy::hydrofile][DEBUG] files in directory: ["Cargo.toml", "LICENSE", "target", "hydrogen.2020-09-02.log", "Cargo.lock", "README.md", ".gitignore", "Hydrobuild", "my-prof.profile", ".git", ".idea", "src"]
[2020-09-02 09:42:17][hy::hydrofile][TRACE] finding acceptable names in list of files concurrently
[2020-09-02 09:42:17][hy::hydrofile][DEBUG] matches: ["Hydrobuild"]
[2020-09-02 09:42:17][hy][TRACE] Exiting with error code 0
[2020-09-02 10:08:16][hy][TRACE] Finding Hydrobuild....
[2020-09-02 10:08:16][hy::hydrofile][DEBUG] acceptable names: ["Hydrobuild", "hydrobuild", "Hydrobuild.fb", "hydrobuild.fb"]
[2020-09-02 10:08:16][hy::hydrofile][TRACE] iterating over all files in current directory into Vector
[2020-09-02 10:08:16][hy::hydrofile][DEBUG] files in directory: ["Cargo.toml", "LICENSE", "target", "hydrogen.2020-09-02.log", "Cargo.lock", "README.md", ".gitignore", "Hydrobuild", "my-prof.profile", ".git", ".idea", "src"]
[2020-09-02 10:08:16][hy::hydrofile][TRACE] finding acceptable names in list of files concurrently
[2020-09-02 10:08:16][hy::hydrofile][DEBUG] matches: ["Hydrobuild"]
[2020-09-02 10:08:16][hy][TRACE] Exiting with error code 0
[2020-09-02 10:09:38][hy][TRACE] Finding Hydrobuild....
[2020-09-02 10:09:38][hy::hydrofile][DEBUG] acceptable names: ["Hydrobuild", "hydrobuild", "Hydrobuild.fb", "hydrobuild.fb"]
[2020-09-02 10:09:38][hy::hydrofile][TRACE] iterating over all files in current directory into Vector
[2020-09-02 10:09:38][hy::hydrofile][DEBUG] files in directory: ["Cargo.toml", "LICENSE", "target", "hydrogen.2020-09-02.log", "Cargo.lock", "README.md", ".gitignore", "Hydrobuild", ".git", ".idea", "src"]
[2020-09-02 10:09:38][hy::hydrofile][TRACE] finding acceptable names in list of files concurrently
[2020-09-02 10:09:38][hy::hydrofile][DEBUG] matches: ["Hydrobuild"]
[2020-09-02 10:09:38][hy][TRACE] Exiting with error code 0
[2020-09-02 10:09:43][hy][TRACE] Finding Hydrobuild....
[2020-09-02 10:09:43][hy::hydrofile][DEBUG] acceptable names: ["Hydrobuild", "hydrobuild", "Hydrobuild.fb", "hydrobuild.fb"]
[2020-09-02 10:09:43][hy::hydrofile][TRACE] iterating over all files in current directory into Vector
[2020-09-02 10:09:43][hy::hydrofile][DEBUG] files in directory: ["Cargo.toml", "LICENSE", "target", "hydrogen.2020-09-02.log", "Cargo.lock", "README.md", ".gitignore", "Hydrobuild", ".git", ".idea", "src"]
[2020-09-02 10:09:43][hy::hydrofile][TRACE] finding acceptable names in list of files concurrently
[2020-09-02 10:09:43][hy::hydrofile][DEBUG] matches: ["Hydrobuild"]
[2020-09-02 10:09:43][hy][TRACE] Exiting with error code 0
[2020-09-02 10:11:00][hy][TRACE] Finding Hydrobuild....
[2020-09-02 10:11:00][hy::hydrofile][DEBUG] acceptable names: ["Hydrobuild", "hydrobuild", "Hydrobuild.fb", "hydrobuild.fb"]
[2020-09-02 10:11:00][hy::hydrofile][TRACE] iterating over all files in current directory into Vector
[2020-09-02 10:11:00][hy::hydrofile][DEBUG] files in directory: ["Cargo.toml", "LICENSE", "target", "hydrogen.2020-09-02.log", "Cargo.lock", "README.md", ".gitignore", "Hydrobuild", ".git", ".idea", "src"]
[2020-09-02 10:11:00][hy::hydrofile][TRACE] finding acceptable names in list of files concurrently
[2020-09-02 10:11:00][hy::hydrofile][DEBUG] matches: ["Hydrobuild"]
[2020-09-02 10:11:00][hy][TRACE] Exiting with error code 0
[2020-09-02 10:11:55][hy][TRACE] Finding Hydrobuild....
[2020-09-02 10:11:55][hy::hydrofile][DEBUG] acceptable names: ["Hydrobuild", "hydrobuild", "Hydrobuild.fb", "hydrobuild.fb"]
[2020-09-02 10:11:55][hy::hydrofile][TRACE] iterating over all files in current directory into Vector
[2020-09-02 10:11:55][hy::hydrofile][DEBUG] files in directory: ["Cargo.toml", "LICENSE", "target", "hydrogen.2020-09-02.log", "Cargo.lock", "README.md", ".gitignore", "Hydrobuild", ".git", ".idea", "src"]
[2020-09-02 10:11:55][hy::hydrofile][TRACE] finding acceptable names in list of files concurrently
[2020-09-02 10:11:55][hy::hydrofile][DEBUG] matches: ["Hydrobuild"]
[2020-09-02 10:11:55][hy][TRACE] Exiting with error code 0
[2020-09-02 10:13:33][hy][TRACE] Finding Hydrobuild....
[2020-09-02 10:13:33][hy::hydrofile][DEBUG] acceptable names: ["Hydrobuild", "hydrobuild", "Hydrobuild.fb", "hydrobuild.fb"]
[2020-09-02 10:13:33][hy::hydrofile][TRACE] iterating over all files in current directory into Vector
[2020-09-02 10:13:33][hy::hydrofile][DEBUG] files in directory: ["Cargo.toml", "LICENSE", "target", "hydrogen.2020-09-02.log", "Cargo.lock", "README.md", ".gitignore", "Hydrobuild", ".git", ".idea", "src"]
[2020-09-02 10:13:33][hy::hydrofile][TRACE] finding acceptable names in list of files concurrently
[2020-09-02 10:13:33][hy::hydrofile][DEBUG] matches: ["Hydrobuild"]
[2020-09-02 10:13:33][hy][TRACE] Exiting with error code 0
[2020-09-02 10:14:47][hy][TRACE] Finding Hydrobuild....
[2020-09-02 10:14:47][hy::hydrofile][DEBUG] acceptable names: ["Hydrobuild", "hydrobuild", "Hydrobuild.fb", "hydrobuild.fb"]
[2020-09-02 10:14:47][hy::hydrofile][TRACE] iterating over all files in current directory into Vector
[2020-09-02 10:14:47][hy::hydrofile][DEBUG] files in directory: ["Cargo.toml", "LICENSE", "target", "hydrogen.2020-09-02.log", "flame-graph.html", "Cargo.lock", "README.md", ".gitignore", "Hydrobuild", ".git", ".idea", "src"]
[2020-09-02 10:14:47][hy::hydrofile][TRACE] finding acceptable names in list of files concurrently
[2020-09-02 10:14:47][hy::hydrofile][DEBUG] matches: ["Hydrobuild"]
[2020-09-02 10:14:47][hy][TRACE] Exiting with error code 0
[2020-09-02 10:22:08][hy][TRACE] Finding Hydrobuild....
[2020-09-02 10:22:08][hy::hydrofile][DEBUG] acceptable names: ["Hydrobuild", "hydrobuild", "Hydrobuild.fb", "hydrobuild.fb"]
[2020-09-02 10:22:08][hy::hydrofile][TRACE] iterating over all files in current directory into Vector
[2020-09-02 10:22:08][hy::hydrofile][DEBUG] files in directory: ["Cargo.toml", "LICENSE", "target", "hydrogen.2020-09-02.log", "Cargo.lock", "cargo-flamegraph.stacks", "README.md", ".gitignore", "Hydrobuild", ".git", ".idea", "src"]
[2020-09-02 10:22:08][hy::hydrofile][TRACE] finding acceptable names in list of files concurrently
[2020-09-02 10:22:08][hy::hydrofile][DEBUG] matches: ["Hydrobuild"]
[2020-09-02 10:22:08][hy][TRACE] Exiting with error code 0
[2020-09-02 10:28:12][hy][TRACE] Finding Hydrobuild....
[2020-09-02 10:28:12][hy::hydrofile][DEBUG] acceptable names: ["Hydrobuild", "hydrobuild", "Hydrobuild.fb", "hydrobuild.fb"]
[2020-09-02 10:28:12][hy::hydrofile][TRACE] iterating over all files in current directory into Vector
[2020-09-02 10:28:12][hy::hydrofile][DEBUG] files in directory: ["Cargo.toml", "flamegraph.sh", "LICENSE", "flamegraph.svg", "target", "hydrogen.2020-09-02.log", "flame-graph.html", "Cargo.lock", "cargo-flamegraph.stacks", "README.md", ".gitignore", "Hydrobuild", ".git", ".idea", "src"]
[2020-09-02 10:28:12][hy::hydrofile][TRACE] finding acceptable names in list of files concurrently
[2020-09-02 10:28:12][hy::hydrofile][DEBUG] matches: ["Hydrobuild"]
[2020-09-02 10:28:12][hy][TRACE] Exiting with error code 0
[2020-09-02 10:41:21][hy][TRACE] Finding Hydrobuild....
[2020-09-02 10:41:21][hy::hydrofile][DEBUG] acceptable names: ["Hydrobuild", "hydrobuild", "Hydrobuild.fb", "hydrobuild.fb"]
[2020-09-02 10:41:21][hy::hydrofile][TRACE] iterating over all files in current directory into Vector
[2020-09-02 10:41:21][hy::hydrofile][DEBUG] files in directory: ["Cargo.toml", "flamegraph.sh", "LICENSE", "flamegraph.svg", "target", "hydrogen.2020-09-02.log", "Cargo.lock", "README.md", ".gitignore", "Hydrobuild", ".git", ".idea", "src"]
[2020-09-02 10:41:21][hy::hydrofile][TRACE] finding acceptable names in list of files concurrently
[2020-09-02 10:41:21][hy::hydrofile][DEBUG] matches: ["Hydrobuild"]
[2020-09-02 10:41:21][hy][TRACE] Exiting with error code 0
[2020-09-02 10:41:52][hy][TRACE] Finding Hydrobuild....
[2020-09-02 10:41:52][hy::hydrofile][DEBUG] acceptable names: ["Hydrobuild", "hydrobuild", "Hydrobuild.fb", "hydrobuild.fb"]
[2020-09-02 10:41:52][hy::hydrofile][TRACE] iterating over all files in current directory into Vector
[2020-09-02 10:41:52][hy::hydrofile][DEBUG] files in directory: ["Cargo.toml", "flamegraph.sh", "LICENSE", "flamegraph.svg", "target", "hydrogen.2020-09-02.log", "Cargo.lock", "README.md", ".gitignore", "Hydrobuild", ".git", ".idea", "src"]
[2020-09-02 10:41:52][hy::hydrofile][TRACE] finding acceptable names in list of files concurrently
[2020-09-02 10:41:52][hy::hydrofile][DEBUG] matches: ["Hydrobuild"]
[2020-09-02 10:41:52][hy][TRACE] Exiting with error code 0
[2020-09-02 10:41:53][hy][TRACE] Finding Hydrobuild....
[2020-09-02 10:41:53][hy::hydrofile][DEBUG] acceptable names: ["Hydrobuild", "hydrobuild", "Hydrobuild.fb", "hydrobuild.fb"]
[2020-09-02 10:41:53][hy::hydrofile][TRACE] iterating over all files in current directory into Vector
[2020-09-02 10:41:53][hy::hydrofile][DEBUG] files in directory: ["Cargo.toml", "flamegraph.sh", "LICENSE", "flamegraph.svg", "target", "hydrogen.2020-09-02.log", "Cargo.lock", "README.md", ".gitignore", "Hydrobuild", ".git", ".idea", "src"]
[2020-09-02 10:41:53][hy::hydrofile][TRACE] finding acceptable names in list of files concurrently
[2020-09-02 10:41:53][hy::hydrofile][DEBUG] matches: ["Hydrobuild"]
[2020-09-02 10:41:53][hy][TRACE] Exiting with error code 0
[2020-09-02 11:17:26][hy][TRACE] Finding Hydrobuild....
[2020-09-02 11:17:26][hy::hydrofile][DEBUG] acceptable names: ["Hydrobuild", "hydrobuild", "Hydrobuild.fb", "hydrobuild.fb"]
[2020-09-02 11:17:26][hy::hydrofile][TRACE] iterating over all files in current directory into Vector
[2020-09-02 11:17:26][hy::hydrofile][DEBUG] files in directory: ["Cargo.toml", "flamegraph.sh", "LICENSE", "flamegraph.svg", "target", "hydrogen.2020-09-02.log", "Cargo.lock", "README.md", ".gitignore", "Hydrobuild", ".git", ".idea", "src"]
[2020-09-02 11:17:26][hy::hydrofile][TRACE] finding acceptable names in list of files concurrently
[2020-09-02 11:17:26][hy::hydrofile][DEBUG] matches: ["Hydrobuild"]
[2020-09-02 11:17:26][hy][TRACE] Exiting with error code 0
[2020-09-02 11:17:27][hy][TRACE] Finding Hydrobuild....
[2020-09-02 11:17:27][hy::hydrofile][DEBUG] acceptable names: ["Hydrobuild", "hydrobuild", "Hydrobuild.fb", "hydrobuild.fb"]
[2020-09-02 11:17:27][hy::hydrofile][TRACE] iterating over all files in current directory into Vector
[2020-09-02 11:17:27][hy::hydrofile][DEBUG] files in directory: ["Cargo.toml", "flamegraph.sh", "LICENSE", "flamegraph.svg", "target", "hydrogen.2020-09-02.log", "Cargo.lock", "README.md", ".gitignore", "Hydrobuild", ".git", ".idea", "src"]
[2020-09-02 11:17:27][hy::hydrofile][TRACE] finding acceptable names in list of files concurrently
[2020-09-02 11:17:27][hy::hydrofile][DEBUG] matches: ["Hydrobuild"]
[2020-09-02 11:17:27][hy][TRACE] Exiting with error code 0
[2020-09-02 11:17:27][hy][TRACE] Finding Hydrobuild....
[2020-09-02 11:17:27][hy::hydrofile][DEBUG] acceptable names: ["Hydrobuild", "hydrobuild", "Hydrobuild.fb", "hydrobuild.fb"]
[2020-09-02 11:17:27][hy::hydrofile][TRACE] iterating over all files in current directory into Vector
[2020-09-02 11:17:27][hy::hydrofile][DEBUG] files in directory: ["Cargo.toml", "flamegraph.sh", "LICENSE", "flamegraph.svg", "target", "hydrogen.2020-09-02.log", "Cargo.lock", "README.md", ".gitignore", "Hydrobuild", ".git", ".idea", "src"]
[2020-09-02 11:17:27][hy::hydrofile][TRACE] finding acceptable names in list of files concurrently
[2020-09-02 11:17:27][hy::hydrofile][DEBUG] matches: ["Hydrobuild"]
[2020-09-02 11:17:27][hy][TRACE] Exiting with error code 0
[2020-09-02 11:17:27][hy][TRACE] Finding Hydrobuild....
[2020-09-02 11:17:27][hy::hydrofile][DEBUG] acceptable names: ["Hydrobuild", "hydrobuild", "Hydrobuild.fb", "hydrobuild.fb"]
[2020-09-02 11:17:27][hy::hydrofile][TRACE] iterating over all files in current directory into Vector
[2020-09-02 11:17:27][hy::hydrofile][DEBUG] files in directory: ["Cargo.toml", "flamegraph.sh", "LICENSE", "flamegraph.svg", "target", "hydrogen.2020-09-02.log", "Cargo.lock", "README.md", ".gitignore", "Hydrobuild", ".git", ".idea", "src"]
[2020-09-02 11:17:27][hy::hydrofile][TRACE] finding acceptable names in list of files concurrently
[2020-09-02 11:17:27][hy::hydrofile][DEBUG] matches: ["Hydrobuild"]
[2020-09-02 11:17:27][hy][TRACE] Exiting with error code 0
[2020-09-02 11:17:27][hy][TRACE] Finding Hydrobuild....
[2020-09-02 11:17:27][hy::hydrofile][DEBUG] acceptable names: ["Hydrobuild", "hydrobuild", "Hydrobuild.fb", "hydrobuild.fb"]
[2020-09-02 11:17:27][hy::hydrofile][TRACE] iterating over all files in current directory into Vector
[2020-09-02 11:17:27][hy::hydrofile][DEBUG] files in directory: ["Cargo.toml", "flamegraph.sh", "LICENSE", "flamegraph.svg", "target", "hydrogen.2020-09-02.log", "Cargo.lock", "README.md", ".gitignore", "Hydrobuild", ".git", ".idea", "src"]
[2020-09-02 11:17:27][hy::hydrofile][TRACE] finding acceptable names in list of files concurrently
[2020-09-02 11:17:27][hy::hydrofile][DEBUG] matches: ["Hydrobuild"]
[2020-09-02 11:17:27][hy][TRACE] Exiting with error code 0
[2020-09-02 11:17:28][hy][TRACE] Finding Hydrobuild....
[2020-09-02 11:17:28][hy::hydrofile][DEBUG] acceptable names: ["Hydrobuild", "hydrobuild", "Hydrobuild.fb", "hydrobuild.fb"]
[2020-09-02 11:17:28][hy::hydrofile][TRACE] iterating over all files in current directory into Vector
[2020-09-02 11:17:28][hy::hydrofile][DEBUG] files in directory: ["Cargo.toml", "flamegraph.sh", "LICENSE", "flamegraph.svg", "target", "hydrogen.2020-09-02.log", "Cargo.lock", "README.md", ".gitignore", "Hydrobuild", ".git", ".idea", "src"]
[2020-09-02 11:17:28][hy::hydrofile][TRACE] finding acceptable names in list of files concurrently
[2020-09-02 11:17:28][hy::hydrofile][DEBUG] matches: ["Hydrobuild"]
[2020-09-02 11:17:28][hy][TRACE] Exiting with error code 0
[2020-09-02 11:17:28][hy][TRACE] Finding Hydrobuild....
[2020-09-02 11:17:28][hy::hydrofile][DEBUG] acceptable names: ["Hydrobuild", "hydrobuild", "Hydrobuild.fb", "hydrobuild.fb"]
[2020-09-02 11:17:28][hy::hydrofile][TRACE] iterating over all files in current directory into Vector
[2020-09-02 11:17:28][hy::hydrofile][DEBUG] files in directory: ["Cargo.toml", "flamegraph.sh", "LICENSE", "flamegraph.svg", "target", "hydrogen.2020-09-02.log", "Cargo.lock", "README.md", ".gitignore", "Hydrobuild", ".git", ".idea", "src"]
[2020-09-02 11:17:28][hy::hydrofile][TRACE] finding acceptable names in list of files concurrently
[2020-09-02 11:17:28][hy::hydrofile][DEBUG] matches: ["Hydrobuild"]
[2020-09-02 11:17:28][hy][TRACE] Exiting with error code 0
[2020-09-02 11:17:28][hy][TRACE] Finding Hydrobuild....
[2020-09-02 11:17:28][hy::hydrofile][DEBUG] acceptable names: ["Hydrobuild", "hydrobuild", "Hydrobuild.fb", "hydrobuild.fb"]
[2020-09-02 11:17:28][hy::hydrofile][TRACE] iterating over all files in current directory into Vector
[2020-09-02 11:17:28][hy::hydrofile][DEBUG] files in directory: ["Cargo.toml", "flamegraph.sh", "LICENSE", "flamegraph.svg", "target", "hydrogen.2020-09-02.log", "Cargo.lock", "README.md", ".gitignore", "Hydrobuild", ".git", ".idea", "src"]
[2020-09-02 11:17:28][hy::hydrofile][TRACE] finding acceptable names in list of files concurrently
[2020-09-02 11:17:28][hy::hydrofile][DEBUG] matches: ["Hydrobuild"]
[2020-09-02 11:17:28][hy][TRACE] Exiting with error code 0
